#
# A fatal error has been detected by the Java Runtime Environment:
#
#  EXCEPTION_ACCESS_VIOLATION (0xc0000005) at pc=0x00007ffc433c4424, pid=11192, tid=18024
#
# JRE version: OpenJDK Runtime Environment Temurin-17.0.1+12 (17.0.1+12) (build 17.0.1+12)
# Java VM: OpenJDK 64-Bit Server VM Temurin-17.0.1+12 (17.0.1+12, mixed mode, tiered, compressed oops, compressed class ptrs, g1 gc, windows-amd64)
# Problematic frame:
# C  [libz3.dll+0xae4424]
#
# No core dump will be written. Minidumps are not enabled by default on client versions of Windows
#
# If you would like to submit a bug report, please visit:
#   https://github.com/adoptium/adoptium-support/issues
# The crash happened outside the Java Virtual Machine in native code.
# See problematic frame for where to report the bug.
#

---------------  S U M M A R Y ------------

Command Line: -Dfile.encoding=Cp1252 -XX:+ShowCodeDetailsInExceptionMessages evoSynthesis.RelaxationJobSharingSTUN

Host: Intel(R) Core(TM) i5-1035G1 CPU @ 1.00GHz, 8 cores, 11G,  Windows 10 , 64 bit Build 22000 (10.0.22000.434)
Time: Mon Jan 31 11:54:23 2022 GMT Standard Time elapsed time: 0.699514 seconds (0d 0h 0m 0s)

---------------  T H R E A D  ---------------

Current thread (0x000001d8730356a0):  JavaThread "ECJ Evaluation Thread 0 (0)" daemon [_thread_in_native, id=18024, stack(0x0000003d72900000,0x0000003d72a00000)]

Stack: [0x0000003d72900000,0x0000003d72a00000],  sp=0x0000003d729fdb28,  free space=1014k
Native frames: (J=compiled Java code, j=interpreted, Vv=VM code, C=native code)
C  [libz3.dll+0xae4424]

Java frames: (J=compiled Java code, j=interpreted, Vv=VM code)
j  com.microsoft.z3.Native.INTERNALparseSmtlib2String(JLjava/lang/String;I[J[JI[J[J)J+0
j  com.microsoft.z3.Native.parseSmtlib2String(JLjava/lang/String;I[J[JI[J[J)J+13
j  com.microsoft.z3.Context.parseSMTLIB2String(Ljava/lang/String;[Lcom/microsoft/z3/Symbol;[Lcom/microsoft/z3/Sort;[Lcom/microsoft/z3/Symbol;[Lcom/microsoft/z3/FuncDecl;)[Lcom/microsoft/z3/BoolExpr;+88
j  sygus.STUNVerificationHelper.verifyProgram(Ljava/lang/String;Lcom/microsoft/z3/Context;Lcom/microsoft/z3/Solver;)Lcom/microsoft/z3/Model;+18
j  sygus.STUNVerificationHelper.verify(Ljava/lang/String;Ljava/lang/String;Lcom/microsoft/z3/Context;II)Lsygus/CounterExample;+68
j  sygus.STUNVerificationHelper.verify(Ljava/lang/String;Ljava/lang/String;Lcom/microsoft/z3/Context;I)Lsygus/CounterExample;+7
j  evoSynthesis.CLIAProblem.verifyPopulation(Ljava/util/ArrayList;ZI)V+74
j  evoSynthesis.CLIAProblem.prepareToEvaluate(Lec/EvolutionState;I)V+101
j  ec.simple.SimpleEvaluator.evalPopChunk(Lec/EvolutionState;[I[IILec/simple/SimpleProblemForm;)V+8
j  ec.simple.SimpleEvaluator$SimpleEvaluatorThread.run()V+305
j  ec.util.ThreadPool$Node.run()V+60
j  java.lang.Thread.run()V+11 java.base@17.0.1
v  ~StubRoutines::call_stub

siginfo: EXCEPTION_ACCESS_VIOLATION (0xc0000005), reading address 0x000001e073111d48


Register to memory mapping:

RIP=0x00007ffc433c4424 libz3.dll
RAX=0x00000000ffffffff is an unknown value
RBX=0x000001d874810ab8 points into unknown readable memory: 0x00007ffc43555470 | 70 54 55 43 fc 7f 00 00
RCX=0x000001d873244eb8 points into unknown readable memory: 0x0000010000000000 | 00 00 00 00 00 01 00 00
RDX=0x000001d872d033c0 points into unknown readable memory: 0x0000000000000000 | 00 00 00 00 00 00 00 00
RSP=0x0000003d729fdb28 is pointing into the stack for thread: 0x000001d8730356a0
RBP=0x000001d873244eb8 points into unknown readable memory: 0x0000010000000000 | 00 00 00 00 00 01 00 00
RSI=0x000001d872fd0538 points into unknown readable memory: 0x0000000000000005 | 05 00 00 00 00 00 00 00
RDI=0x0 is NULL
R8 =0x000001d873111d50 points into unknown readable memory: 0xffffffffffffffff | ff ff ff ff ff ff ff ff
R9 =0x0 is NULL
R10=0x0 is NULL
R11=0xefedf80000078d77 is an unknown value
R12=0x00007ffc434d3a80 libz3.dll
R13=0x0 is NULL
R14=0x000001d873244eb8 points into unknown readable memory: 0x0000010000000000 | 00 00 00 00 00 01 00 00
R15=0x0 is NULL


Registers:
RAX=0x00000000ffffffff, RBX=0x000001d874810ab8, RCX=0x000001d873244eb8, RDX=0x000001d872d033c0
RSP=0x0000003d729fdb28, RBP=0x000001d873244eb8, RSI=0x000001d872fd0538, RDI=0x0000000000000000
R8 =0x000001d873111d50, R9 =0x0000000000000000, R10=0x0000000000000000, R11=0xefedf80000078d77
R12=0x00007ffc434d3a80, R13=0x0000000000000000, R14=0x000001d873244eb8, R15=0x0000000000000000
RIP=0x00007ffc433c4424, EFLAGS=0x0000000000010206

Top of Stack: (sp=0x0000003d729fdb28)
0x0000003d729fdb28:   00007ffc43016961 000001d872fb81a8
0x0000003d729fdb38:   000001d874810ab8 000001d873244eb8
0x0000003d729fdb48:   000001d872fd0538 fffffffffffffffe
0x0000003d729fdb58:   000001d873244eb8 0000000000000000
0x0000003d729fdb68:   0000003d00000000 000001d872fd0508
0x0000003d729fdb78:   000001d872fd0508 00007ffc428e0000
0x0000003d729fdb88:   0000f9f3292a07ae 0000f9f3292a078e
0x0000003d729fdb98:   000001d873244eb8 0000003d729fdda0
0x0000003d729fdba8:   0000000000000000 000001d872fd0538
0x0000003d729fdbb8:   00007ffc42ffcd8c 000001d873244eb8
0x0000003d729fdbc8:   0000003d729fddb0 000001d874810ab8
0x0000003d729fdbd8:   0000003d729fdda0 0000000000000009
0x0000003d729fdbe8:   000000000000000f 00007ffc428e0000
0x0000003d729fdbf8:   00007ffc4300ce11 0000f9f3292a07ce
0x0000003d729fdc08:   0000003d729fddb0 0000f9f3292a077e
0x0000003d729fdc18:   0000f9f3292a072e 000001d873244eb8 

Instructions: (pc=0x00007ffc433c4424)
0x00007ffc433c4324:   8b 01 85 c0 75 0a 48 8b 41 10 48 39 41 08 76 09
0x00007ffc433c4334:   80 79 04 00 75 03 32 c0 c3 b0 01 c3 40 57 48 83
0x00007ffc433c4344:   ec 30 48 c7 44 24 20 fe ff ff ff 48 89 5c 24 48
0x00007ffc433c4354:   48 89 74 24 50 48 8b f9 48 8b 0d 3d d4 43 00 48
0x00007ffc433c4364:   89 4c 24 40 e8 c5 27 03 00 85 c0 74 08 8b c8 e8
0x00007ffc433c4374:   c6 27 03 00 90 8b 37 8d 46 01 87 07 33 db 48 8b
0x00007ffc433c4384:   47 20 48 85 c0 74 15 3b 58 fc 73 10 8d 56 01 48
0x00007ffc433c4394:   8b 0c d8 e8 04 04 00 00 ff c3 eb e2 48 8b 4c 24
0x00007ffc433c43a4:   40 e8 8e 27 03 00 85 c0 74 08 8b c8 e8 89 27 03
0x00007ffc433c43b4:   00 90 48 8b 5c 24 48 48 8b 74 24 50 48 83 c4 30
0x00007ffc433c43c4:   5f c3 cc cc cc cc cc cc cc cc cc cc 40 53 48 83
0x00007ffc433c43d4:   ec 20 b9 50 00 00 00 e8 70 45 ff ff ba 02 00 00
0x00007ffc433c43e4:   00 48 8b c8 48 8b d8 e8 36 27 03 00 48 89 1d a9
0x00007ffc433c43f4:   d3 43 00 48 83 c4 20 5b c3 cc cc cc 48 8b 41 10
0x00007ffc433c4404:   48 39 41 08 76 04 48 89 41 08 4c 8b 41 18 45 33
0x00007ffc433c4414:   c9 41 8b c1 4d 85 c0 74 04 41 8b 40 fc 8d 40 ff
0x00007ffc433c4424:   49 8b 04 c0 48 89 41 10 41 ff 48 fc 44 87 09 c3
0x00007ffc433c4434:   cc cc cc cc cc cc cc cc cc cc cc cc 40 57 48 83
0x00007ffc433c4444:   ec 30 48 c7 44 24 20 fe ff ff ff 48 89 5c 24 40
0x00007ffc433c4454:   48 8b f9 48 8b 1d 42 d3 43 00 48 8b cb e8 cc 26
0x00007ffc433c4464:   03 00 85 c0 74 07 8b c8 e8 cd 26 03 00 48 8b 47
0x00007ffc433c4474:   20 ff 48 fc 48 8b cb e8 b8 26 03 00 85 c0 74 08
0x00007ffc433c4484:   8b c8 e8 b3 26 03 00 90 48 8b 5c 24 40 48 83 c4
0x00007ffc433c4494:   30 5f c3 cc cc cc cc cc cc cc cc cc 48 8b c4 57
0x00007ffc433c44a4:   48 81 ec 80 00 00 00 48 c7 40 98 fe ff ff ff 48
0x00007ffc433c44b4:   89 58 10 48 89 68 18 48 89 70 20 48 8b 05 92 fe
0x00007ffc433c44c4:   41 00 48 33 c4 48 89 44 24 70 48 8b d9 48 c7 c1
0x00007ffc433c44d4:   ff ff ff ff 48 8b 43 08 85 d2 74 07 8b fa 48 03
0x00007ffc433c44e4:   f8 eb 03 48 8b f9 48 3b f8 48 0f 46 f9 48 8b 53
0x00007ffc433c44f4:   18 33 ed 48 85 d2 74 43 48 8d 4a f8 8b 01 39 42
0x00007ffc433c4504:   fc 75 51 44 8d 04 c5 08 00 00 00 8d 34 45 01 00
0x00007ffc433c4514:   00 00 03 f0 d1 ee 8d 14 f5 08 00 00 00 3b f0 76 


Stack slot to memory mapping:
stack at sp + 0 slots: 0x00007ffc43016961 libz3.dll
stack at sp + 1 slots: 0x000001d872fb81a8 points into unknown readable memory: 0x0000000000000001 | 01 00 00 00 00 00 00 00
stack at sp + 2 slots: 0x000001d874810ab8 points into unknown readable memory: 0x00007ffc43555470 | 70 54 55 43 fc 7f 00 00
stack at sp + 3 slots: 0x000001d873244eb8 points into unknown readable memory: 0x0000010000000000 | 00 00 00 00 00 01 00 00
stack at sp + 4 slots: 0x000001d872fd0538 points into unknown readable memory: 0x0000000000000005 | 05 00 00 00 00 00 00 00
stack at sp + 5 slots: 0xfffffffffffffffe is an unknown value
stack at sp + 6 slots: 0x000001d873244eb8 points into unknown readable memory: 0x0000010000000000 | 00 00 00 00 00 01 00 00
stack at sp + 7 slots: 0x0 is NULL


---------------  P R O C E S S  ---------------

Threads class SMR info:
_java_thread_list=0x000001d87323b2e0, length=17, elements={
0x000001d855bd17d0, 0x000001d872813420, 0x000001d871f8e340, 0x000001d872838450,
0x000001d87283ae10, 0x000001d87283b7c0, 0x000001d872840180, 0x000001d872849c60,
0x000001d87284e220, 0x000001d87284ec10, 0x000001d8729aa860, 0x000001d8729c04c0,
0x000001d8730d0400, 0x000001d872fd60e0, 0x000001d8730356a0, 0x000001d8748f6d60,
0x000001d8748f7640
}

Java Threads: ( => current thread )
  0x000001d855bd17d0 JavaThread "main" [_thread_blocked, id=5444, stack(0x0000003d71400000,0x0000003d71500000)]
  0x000001d872813420 JavaThread "Reference Handler" daemon [_thread_blocked, id=1408, stack(0x0000003d71b00000,0x0000003d71c00000)]
  0x000001d871f8e340 JavaThread "Finalizer" daemon [_thread_blocked, id=9016, stack(0x0000003d71c00000,0x0000003d71d00000)]
  0x000001d872838450 JavaThread "Signal Dispatcher" daemon [_thread_blocked, id=5964, stack(0x0000003d71d00000,0x0000003d71e00000)]
  0x000001d87283ae10 JavaThread "Attach Listener" daemon [_thread_blocked, id=7076, stack(0x0000003d71e00000,0x0000003d71f00000)]
  0x000001d87283b7c0 JavaThread "Service Thread" daemon [_thread_blocked, id=10060, stack(0x0000003d71f00000,0x0000003d72000000)]
  0x000001d872840180 JavaThread "Monitor Deflation Thread" daemon [_thread_blocked, id=5920, stack(0x0000003d72000000,0x0000003d72100000)]
  0x000001d872849c60 JavaThread "C2 CompilerThread0" daemon [_thread_blocked, id=14216, stack(0x0000003d72100000,0x0000003d72200000)]
  0x000001d87284e220 JavaThread "C1 CompilerThread0" daemon [_thread_blocked, id=16788, stack(0x0000003d72200000,0x0000003d72300000)]
  0x000001d87284ec10 JavaThread "Sweeper thread" daemon [_thread_blocked, id=15024, stack(0x0000003d72300000,0x0000003d72400000)]
  0x000001d8729aa860 JavaThread "Notification Thread" daemon [_thread_blocked, id=3464, stack(0x0000003d72400000,0x0000003d72500000)]
  0x000001d8729c04c0 JavaThread "Common-Cleaner" daemon [_thread_blocked, id=16192, stack(0x0000003d72600000,0x0000003d72700000)]
  0x000001d8730d0400 JavaThread "C2 CompilerThread1" daemon [_thread_blocked, id=17972, stack(0x0000003d72700000,0x0000003d72800000)]
  0x000001d872fd60e0 JavaThread "C2 CompilerThread2" daemon [_thread_blocked, id=16732, stack(0x0000003d72800000,0x0000003d72900000)]
=>0x000001d8730356a0 JavaThread "ECJ Evaluation Thread 0 (0)" daemon [_thread_in_native, id=18024, stack(0x0000003d72900000,0x0000003d72a00000)]
  0x000001d8748f6d60 JavaThread "ECJ Evaluation Thread 1 (1)" daemon [_thread_in_native, id=11988, stack(0x0000003d72a00000,0x0000003d72b00000)]
  0x000001d8748f7640 JavaThread "ECJ Evaluation Thread 2 (2)" daemon [_thread_in_native, id=10580, stack(0x0000003d72b00000,0x0000003d72c00000)]

Other Threads:
  0x000001d871fa69f0 VMThread "VM Thread" [stack: 0x0000003d71a00000,0x0000003d71b00000] [id=10752]
  0x000001d855c2a230 WatcherThread [stack: 0x0000003d72500000,0x0000003d72600000] [id=13064]
  0x000001d855c14010 GCTaskThread "GC Thread#0" [stack: 0x0000003d71500000,0x0000003d71600000] [id=14368]
  0x000001d855c20b50 ConcurrentGCThread "G1 Main Marker" [stack: 0x0000003d71600000,0x0000003d71700000] [id=7468]
  0x000001d855c22570 ConcurrentGCThread "G1 Conc#0" [stack: 0x0000003d71700000,0x0000003d71800000] [id=14888]
  0x000001d855c95c40 ConcurrentGCThread "G1 Refine#0" [stack: 0x0000003d71800000,0x0000003d71900000] [id=16920]
  0x000001d855c96660 ConcurrentGCThread "G1 Service" [stack: 0x0000003d71900000,0x0000003d71a00000] [id=19152]

Threads with active compile tasks:

VM state: not at safepoint (normal execution)

VM Mutex/Monitor currently owned by a thread: None

Heap address: 0x0000000744000000, size: 3008 MB, Compressed Oops mode: Zero based, Oop shift amount: 3

CDS archive(s) not mapped
Compressed class space mapped at: 0x0000000800000000-0x0000000840000000, reserved size: 1073741824
Narrow klass base: 0x0000000800000000, Narrow klass shift: 0, Narrow klass range: 0x40000000

GC Precious Log:
 CPUs: 8 total, 8 available
 Memory: 12028M
 Large Page Support: Disabled
 NUMA Support: Disabled
 Compressed Oops: Enabled (Zero based)
 Heap Region Size: 2M
 Heap Min Capacity: 8M
 Heap Initial Capacity: 188M
 Heap Max Capacity: 3008M
 Pre-touch: Disabled
 Parallel Workers: 8
 Concurrent Workers: 2
 Concurrent Refinement Workers: 8
 Periodic GC: Disabled

Heap:
 garbage-first heap   total 192512K, used 14336K [0x0000000744000000, 0x0000000800000000)
  region size 2048K, 8 young (16384K), 0 survivors (0K)
 Metaspace       used 10453K, committed 10688K, reserved 1064960K
  class space    used 961K, committed 1088K, reserved 1048576K

Heap Regions: E=young(eden), S=young(survivor), O=old, HS=humongous(starts), HC=humongous(continues), CS=collection set, F=free, OA=open archive, CA=closed archive, TAMS=top-at-mark-start (previous, next)
|   0|0x0000000744000000, 0x0000000744000000, 0x0000000744200000|  0%| F|  |TAMS 0x0000000744000000, 0x0000000744000000| Untracked 
|   1|0x0000000744200000, 0x0000000744200000, 0x0000000744400000|  0%| F|  |TAMS 0x0000000744200000, 0x0000000744200000| Untracked 
|   2|0x0000000744400000, 0x0000000744400000, 0x0000000744600000|  0%| F|  |TAMS 0x0000000744400000, 0x0000000744400000| Untracked 
|   3|0x0000000744600000, 0x0000000744600000, 0x0000000744800000|  0%| F|  |TAMS 0x0000000744600000, 0x0000000744600000| Untracked 
|   4|0x0000000744800000, 0x0000000744800000, 0x0000000744a00000|  0%| F|  |TAMS 0x0000000744800000, 0x0000000744800000| Untracked 
|   5|0x0000000744a00000, 0x0000000744a00000, 0x0000000744c00000|  0%| F|  |TAMS 0x0000000744a00000, 0x0000000744a00000| Untracked 
|   6|0x0000000744c00000, 0x0000000744c00000, 0x0000000744e00000|  0%| F|  |TAMS 0x0000000744c00000, 0x0000000744c00000| Untracked 
|   7|0x0000000744e00000, 0x0000000744e00000, 0x0000000745000000|  0%| F|  |TAMS 0x0000000744e00000, 0x0000000744e00000| Untracked 
|   8|0x0000000745000000, 0x0000000745000000, 0x0000000745200000|  0%| F|  |TAMS 0x0000000745000000, 0x0000000745000000| Untracked 
|   9|0x0000000745200000, 0x0000000745200000, 0x0000000745400000|  0%| F|  |TAMS 0x0000000745200000, 0x0000000745200000| Untracked 
|  10|0x0000000745400000, 0x0000000745400000, 0x0000000745600000|  0%| F|  |TAMS 0x0000000745400000, 0x0000000745400000| Untracked 
|  11|0x0000000745600000, 0x0000000745600000, 0x0000000745800000|  0%| F|  |TAMS 0x0000000745600000, 0x0000000745600000| Untracked 
|  12|0x0000000745800000, 0x0000000745800000, 0x0000000745a00000|  0%| F|  |TAMS 0x0000000745800000, 0x0000000745800000| Untracked 
|  13|0x0000000745a00000, 0x0000000745a00000, 0x0000000745c00000|  0%| F|  |TAMS 0x0000000745a00000, 0x0000000745a00000| Untracked 
|  14|0x0000000745c00000, 0x0000000745c00000, 0x0000000745e00000|  0%| F|  |TAMS 0x0000000745c00000, 0x0000000745c00000| Untracked 
|  15|0x0000000745e00000, 0x0000000745e00000, 0x0000000746000000|  0%| F|  |TAMS 0x0000000745e00000, 0x0000000745e00000| Untracked 
|  16|0x0000000746000000, 0x0000000746000000, 0x0000000746200000|  0%| F|  |TAMS 0x0000000746000000, 0x0000000746000000| Untracked 
|  17|0x0000000746200000, 0x0000000746200000, 0x0000000746400000|  0%| F|  |TAMS 0x0000000746200000, 0x0000000746200000| Untracked 
|  18|0x0000000746400000, 0x0000000746400000, 0x0000000746600000|  0%| F|  |TAMS 0x0000000746400000, 0x0000000746400000| Untracked 
|  19|0x0000000746600000, 0x0000000746600000, 0x0000000746800000|  0%| F|  |TAMS 0x0000000746600000, 0x0000000746600000| Untracked 
|  20|0x0000000746800000, 0x0000000746800000, 0x0000000746a00000|  0%| F|  |TAMS 0x0000000746800000, 0x0000000746800000| Untracked 
|  21|0x0000000746a00000, 0x0000000746a00000, 0x0000000746c00000|  0%| F|  |TAMS 0x0000000746a00000, 0x0000000746a00000| Untracked 
|  22|0x0000000746c00000, 0x0000000746c00000, 0x0000000746e00000|  0%| F|  |TAMS 0x0000000746c00000, 0x0000000746c00000| Untracked 
|  23|0x0000000746e00000, 0x0000000746e00000, 0x0000000747000000|  0%| F|  |TAMS 0x0000000746e00000, 0x0000000746e00000| Untracked 
|  24|0x0000000747000000, 0x0000000747000000, 0x0000000747200000|  0%| F|  |TAMS 0x0000000747000000, 0x0000000747000000| Untracked 
|  25|0x0000000747200000, 0x0000000747200000, 0x0000000747400000|  0%| F|  |TAMS 0x0000000747200000, 0x0000000747200000| Untracked 
|  26|0x0000000747400000, 0x0000000747400000, 0x0000000747600000|  0%| F|  |TAMS 0x0000000747400000, 0x0000000747400000| Untracked 
|  27|0x0000000747600000, 0x0000000747600000, 0x0000000747800000|  0%| F|  |TAMS 0x0000000747600000, 0x0000000747600000| Untracked 
|  28|0x0000000747800000, 0x0000000747800000, 0x0000000747a00000|  0%| F|  |TAMS 0x0000000747800000, 0x0000000747800000| Untracked 
|  29|0x0000000747a00000, 0x0000000747a00000, 0x0000000747c00000|  0%| F|  |TAMS 0x0000000747a00000, 0x0000000747a00000| Untracked 
|  30|0x0000000747c00000, 0x0000000747c00000, 0x0000000747e00000|  0%| F|  |TAMS 0x0000000747c00000, 0x0000000747c00000| Untracked 
|  31|0x0000000747e00000, 0x0000000747e00000, 0x0000000748000000|  0%| F|  |TAMS 0x0000000747e00000, 0x0000000747e00000| Untracked 
|  32|0x0000000748000000, 0x0000000748000000, 0x0000000748200000|  0%| F|  |TAMS 0x0000000748000000, 0x0000000748000000| Untracked 
|  33|0x0000000748200000, 0x0000000748200000, 0x0000000748400000|  0%| F|  |TAMS 0x0000000748200000, 0x0000000748200000| Untracked 
|  34|0x0000000748400000, 0x0000000748400000, 0x0000000748600000|  0%| F|  |TAMS 0x0000000748400000, 0x0000000748400000| Untracked 
|  35|0x0000000748600000, 0x0000000748600000, 0x0000000748800000|  0%| F|  |TAMS 0x0000000748600000, 0x0000000748600000| Untracked 
|  36|0x0000000748800000, 0x0000000748800000, 0x0000000748a00000|  0%| F|  |TAMS 0x0000000748800000, 0x0000000748800000| Untracked 
|  37|0x0000000748a00000, 0x0000000748a00000, 0x0000000748c00000|  0%| F|  |TAMS 0x0000000748a00000, 0x0000000748a00000| Untracked 
|  38|0x0000000748c00000, 0x0000000748c00000, 0x0000000748e00000|  0%| F|  |TAMS 0x0000000748c00000, 0x0000000748c00000| Untracked 
|  39|0x0000000748e00000, 0x0000000748e00000, 0x0000000749000000|  0%| F|  |TAMS 0x0000000748e00000, 0x0000000748e00000| Untracked 
|  40|0x0000000749000000, 0x0000000749000000, 0x0000000749200000|  0%| F|  |TAMS 0x0000000749000000, 0x0000000749000000| Untracked 
|  41|0x0000000749200000, 0x0000000749200000, 0x0000000749400000|  0%| F|  |TAMS 0x0000000749200000, 0x0000000749200000| Untracked 
|  42|0x0000000749400000, 0x0000000749400000, 0x0000000749600000|  0%| F|  |TAMS 0x0000000749400000, 0x0000000749400000| Untracked 
|  43|0x0000000749600000, 0x0000000749600000, 0x0000000749800000|  0%| F|  |TAMS 0x0000000749600000, 0x0000000749600000| Untracked 
|  44|0x0000000749800000, 0x0000000749800000, 0x0000000749a00000|  0%| F|  |TAMS 0x0000000749800000, 0x0000000749800000| Untracked 
|  45|0x0000000749a00000, 0x0000000749a00000, 0x0000000749c00000|  0%| F|  |TAMS 0x0000000749a00000, 0x0000000749a00000| Untracked 
|  46|0x0000000749c00000, 0x0000000749c00000, 0x0000000749e00000|  0%| F|  |TAMS 0x0000000749c00000, 0x0000000749c00000| Untracked 
|  47|0x0000000749e00000, 0x0000000749e00000, 0x000000074a000000|  0%| F|  |TAMS 0x0000000749e00000, 0x0000000749e00000| Untracked 
|  48|0x000000074a000000, 0x000000074a000000, 0x000000074a200000|  0%| F|  |TAMS 0x000000074a000000, 0x000000074a000000| Untracked 
|  49|0x000000074a200000, 0x000000074a200000, 0x000000074a400000|  0%| F|  |TAMS 0x000000074a200000, 0x000000074a200000| Untracked 
|  50|0x000000074a400000, 0x000000074a400000, 0x000000074a600000|  0%| F|  |TAMS 0x000000074a400000, 0x000000074a400000| Untracked 
|  51|0x000000074a600000, 0x000000074a600000, 0x000000074a800000|  0%| F|  |TAMS 0x000000074a600000, 0x000000074a600000| Untracked 
|  52|0x000000074a800000, 0x000000074a800000, 0x000000074aa00000|  0%| F|  |TAMS 0x000000074a800000, 0x000000074a800000| Untracked 
|  53|0x000000074aa00000, 0x000000074aa00000, 0x000000074ac00000|  0%| F|  |TAMS 0x000000074aa00000, 0x000000074aa00000| Untracked 
|  54|0x000000074ac00000, 0x000000074ac00000, 0x000000074ae00000|  0%| F|  |TAMS 0x000000074ac00000, 0x000000074ac00000| Untracked 
|  55|0x000000074ae00000, 0x000000074ae00000, 0x000000074b000000|  0%| F|  |TAMS 0x000000074ae00000, 0x000000074ae00000| Untracked 
|  56|0x000000074b000000, 0x000000074b000000, 0x000000074b200000|  0%| F|  |TAMS 0x000000074b000000, 0x000000074b000000| Untracked 
|  57|0x000000074b200000, 0x000000074b200000, 0x000000074b400000|  0%| F|  |TAMS 0x000000074b200000, 0x000000074b200000| Untracked 
|  58|0x000000074b400000, 0x000000074b400000, 0x000000074b600000|  0%| F|  |TAMS 0x000000074b400000, 0x000000074b400000| Untracked 
|  59|0x000000074b600000, 0x000000074b600000, 0x000000074b800000|  0%| F|  |TAMS 0x000000074b600000, 0x000000074b600000| Untracked 
|  60|0x000000074b800000, 0x000000074b800000, 0x000000074ba00000|  0%| F|  |TAMS 0x000000074b800000, 0x000000074b800000| Untracked 
|  61|0x000000074ba00000, 0x000000074ba00000, 0x000000074bc00000|  0%| F|  |TAMS 0x000000074ba00000, 0x000000074ba00000| Untracked 
|  62|0x000000074bc00000, 0x000000074bc00000, 0x000000074be00000|  0%| F|  |TAMS 0x000000074bc00000, 0x000000074bc00000| Untracked 
|  63|0x000000074be00000, 0x000000074be00000, 0x000000074c000000|  0%| F|  |TAMS 0x000000074be00000, 0x000000074be00000| Untracked 
|  64|0x000000074c000000, 0x000000074c000000, 0x000000074c200000|  0%| F|  |TAMS 0x000000074c000000, 0x000000074c000000| Untracked 
|  65|0x000000074c200000, 0x000000074c200000, 0x000000074c400000|  0%| F|  |TAMS 0x000000074c200000, 0x000000074c200000| Untracked 
|  66|0x000000074c400000, 0x000000074c400000, 0x000000074c600000|  0%| F|  |TAMS 0x000000074c400000, 0x000000074c400000| Untracked 
|  67|0x000000074c600000, 0x000000074c600000, 0x000000074c800000|  0%| F|  |TAMS 0x000000074c600000, 0x000000074c600000| Untracked 
|  68|0x000000074c800000, 0x000000074c800000, 0x000000074ca00000|  0%| F|  |TAMS 0x000000074c800000, 0x000000074c800000| Untracked 
|  69|0x000000074ca00000, 0x000000074ca00000, 0x000000074cc00000|  0%| F|  |TAMS 0x000000074ca00000, 0x000000074ca00000| Untracked 
|  70|0x000000074cc00000, 0x000000074cc00000, 0x000000074ce00000|  0%| F|  |TAMS 0x000000074cc00000, 0x000000074cc00000| Untracked 
|  71|0x000000074ce00000, 0x000000074ce00000, 0x000000074d000000|  0%| F|  |TAMS 0x000000074ce00000, 0x000000074ce00000| Untracked 
|  72|0x000000074d000000, 0x000000074d000000, 0x000000074d200000|  0%| F|  |TAMS 0x000000074d000000, 0x000000074d000000| Untracked 
|  73|0x000000074d200000, 0x000000074d200000, 0x000000074d400000|  0%| F|  |TAMS 0x000000074d200000, 0x000000074d200000| Untracked 
|  74|0x000000074d400000, 0x000000074d400000, 0x000000074d600000|  0%| F|  |TAMS 0x000000074d400000, 0x000000074d400000| Untracked 
|  75|0x000000074d600000, 0x000000074d600000, 0x000000074d800000|  0%| F|  |TAMS 0x000000074d600000, 0x000000074d600000| Untracked 
|  76|0x000000074d800000, 0x000000074d800000, 0x000000074da00000|  0%| F|  |TAMS 0x000000074d800000, 0x000000074d800000| Untracked 
|  77|0x000000074da00000, 0x000000074da00000, 0x000000074dc00000|  0%| F|  |TAMS 0x000000074da00000, 0x000000074da00000| Untracked 
|  78|0x000000074dc00000, 0x000000074dc00000, 0x000000074de00000|  0%| F|  |TAMS 0x000000074dc00000, 0x000000074dc00000| Untracked 
|  79|0x000000074de00000, 0x000000074de00000, 0x000000074e000000|  0%| F|  |TAMS 0x000000074de00000, 0x000000074de00000| Untracked 
|  80|0x000000074e000000, 0x000000074e000000, 0x000000074e200000|  0%| F|  |TAMS 0x000000074e000000, 0x000000074e000000| Untracked 
|  81|0x000000074e200000, 0x000000074e200000, 0x000000074e400000|  0%| F|  |TAMS 0x000000074e200000, 0x000000074e200000| Untracked 
|  82|0x000000074e400000, 0x000000074e400000, 0x000000074e600000|  0%| F|  |TAMS 0x000000074e400000, 0x000000074e400000| Untracked 
|  83|0x000000074e600000, 0x000000074e600000, 0x000000074e800000|  0%| F|  |TAMS 0x000000074e600000, 0x000000074e600000| Untracked 
|  84|0x000000074e800000, 0x000000074e800000, 0x000000074ea00000|  0%| F|  |TAMS 0x000000074e800000, 0x000000074e800000| Untracked 
|  85|0x000000074ea00000, 0x000000074ea00000, 0x000000074ec00000|  0%| F|  |TAMS 0x000000074ea00000, 0x000000074ea00000| Untracked 
|  86|0x000000074ec00000, 0x000000074ed54df8, 0x000000074ee00000| 66%| E|  |TAMS 0x000000074ec00000, 0x000000074ec00000| Complete 
|  87|0x000000074ee00000, 0x000000074f000000, 0x000000074f000000|100%| E|CS|TAMS 0x000000074ee00000, 0x000000074ee00000| Complete 
|  88|0x000000074f000000, 0x000000074f200000, 0x000000074f200000|100%| E|CS|TAMS 0x000000074f000000, 0x000000074f000000| Complete 
|  89|0x000000074f200000, 0x000000074f400000, 0x000000074f400000|100%| E|CS|TAMS 0x000000074f200000, 0x000000074f200000| Complete 
|  90|0x000000074f400000, 0x000000074f600000, 0x000000074f600000|100%| E|CS|TAMS 0x000000074f400000, 0x000000074f400000| Complete 
|  91|0x000000074f600000, 0x000000074f800000, 0x000000074f800000|100%| E|CS|TAMS 0x000000074f600000, 0x000000074f600000| Complete 
|  92|0x000000074f800000, 0x000000074fa00000, 0x000000074fa00000|100%| E|CS|TAMS 0x000000074f800000, 0x000000074f800000| Complete 
|  93|0x000000074fa00000, 0x000000074fc00000, 0x000000074fc00000|100%| E|CS|TAMS 0x000000074fa00000, 0x000000074fa00000| Complete 

Card table byte_map: [0x000001d868b90000,0x000001d869170000] _byte_map_base: 0x000001d865170000

Marking Bits (Prev, Next): (CMBitMap*) 0x000001d855c14620, (CMBitMap*) 0x000001d855c14660
 Prev Bits: [0x000001d869750000, 0x000001d86c650000)
 Next Bits: [0x000001d86c650000, 0x000001d86f550000)

Polling page: 0x000001d8553b0000

Metaspace:

Usage:
  Non-class:      9.27 MB used.
      Class:    961.05 KB used.
       Both:     10.21 MB used.

Virtual space:
  Non-class space:       16.00 MB reserved,       9.38 MB ( 59%) committed,  2 nodes.
      Class space:        1.00 GB reserved,       1.06 MB ( <1%) committed,  1 nodes.
             Both:        1.02 GB reserved,      10.44 MB (  1%) committed. 

Chunk freelists:
   Non-Class:  2.36 MB
       Class:  2.98 MB
        Both:  5.34 MB

MaxMetaspaceSize: unlimited
CompressedClassSpaceSize: 1.00 GB
Initial GC threshold: 21.00 MB
Current GC threshold: 21.00 MB
CDS: off
MetaspaceReclaimPolicy: balanced
 - commit_granule_bytes: 65536.
 - commit_granule_words: 8192.
 - virtual_space_node_default_size: 1048576.
 - enlarge_chunks_in_place: 1.
 - new_chunks_are_fully_committed: 0.
 - uncommit_free_chunks: 1.
 - use_allocation_guard: 0.
 - handle_deallocations: 1.


Internal statistics:

num_allocs_failed_limit: 0.
num_arena_births: 18.
num_arena_deaths: 0.
num_vsnodes_births: 3.
num_vsnodes_deaths: 0.
num_space_committed: 167.
num_space_uncommitted: 0.
num_chunks_returned_to_freelist: 0.
num_chunks_taken_from_freelist: 106.
num_chunk_merges: 0.
num_chunk_splits: 66.
num_chunks_enlarged: 52.
num_purges: 0.
num_inconsistent_stats: 0.

CodeHeap 'non-profiled nmethods': size=120000Kb used=231Kb max_used=231Kb free=119768Kb
 bounds [0x000001d860d50000, 0x000001d860fc0000, 0x000001d868280000]
CodeHeap 'profiled nmethods': size=120000Kb used=1202Kb max_used=1202Kb free=118797Kb
 bounds [0x000001d859820000, 0x000001d859a90000, 0x000001d860d50000]
CodeHeap 'non-nmethods': size=5760Kb used=1189Kb max_used=1215Kb free=4570Kb
 bounds [0x000001d859280000, 0x000001d8594f0000, 0x000001d859820000]
 total_blobs=1141 nmethods=663 adapters=391
 compilation: enabled
              stopped_count=0, restarted_count=0
 full_count=0

Compilation events (20 events):
Event: 0.659 Thread 0x000001d87284e220 nmethod 658 0x000001d859949f10 code [0x000001d85994a0c0, 0x000001d85994a268]
Event: 0.660 Thread 0x000001d87284e220  659       3       java.lang.ref.SoftReference::get (29 bytes)
Event: 0.660 Thread 0x000001d87284e220 nmethod 659 0x000001d85994a310 code [0x000001d85994a4a0, 0x000001d85994a678]
Event: 0.660 Thread 0x000001d87284e220  660       3       java.util.WeakHashMap::remove (131 bytes)
Event: 0.661 Thread 0x000001d87284e220 nmethod 660 0x000001d85994a710 code [0x000001d85994a960, 0x000001d85994b4f8]
Event: 0.661 Thread 0x000001d87284e220  661       3       java.io.FileSystem::hasBooleanAttributes (17 bytes)
Event: 0.661 Thread 0x000001d87284e220 nmethod 661 0x000001d85994b910 code [0x000001d85994bac0, 0x000001d85994bc68]
Event: 0.662 Thread 0x000001d87284e220  663       3       java.lang.String::equalsIgnoreCase (45 bytes)
Event: 0.662 Thread 0x000001d87284e220 nmethod 663 0x000001d85994bd10 code [0x000001d85994bf00, 0x000001d85994c468]
Event: 0.662 Thread 0x000001d872fd60e0 nmethod 615 0x000001d860d80090 code [0x000001d860d80220, 0x000001d860d806e8]
Event: 0.662 Thread 0x000001d872fd60e0  647       4       java.lang.AbstractStringBuilder::<init> (39 bytes)
Event: 0.663 Thread 0x000001d87284e220  664       3       java.util.LinkedHashMap::get (29 bytes)
Event: 0.663 Thread 0x000001d87284e220 nmethod 664 0x000001d85994c690 code [0x000001d85994c840, 0x000001d85994ca98]
Event: 0.664 Thread 0x000001d872fd60e0 nmethod 647 0x000001d860d80910 code [0x000001d860d80aa0, 0x000001d860d80cf8]
Event: 0.664 Thread 0x000001d872fd60e0  617       4       java.lang.String::<init> (15 bytes)
Event: 0.665 Thread 0x000001d872fd60e0 nmethod 617 0x000001d860d80d90 code [0x000001d860d80f00, 0x000001d860d81058]
Event: 0.665 Thread 0x000001d872fd60e0  636   !   4       ec.gp.GPNode::lightClone (48 bytes)
Event: 0.668 Thread 0x000001d872fd60e0 nmethod 636 0x000001d860d81110 code [0x000001d860d812a0, 0x000001d860d81768]
Event: 0.668 Thread 0x000001d872fd60e0  623       4       ec.gp.GPNode::resetNode (1 bytes)
Event: 0.668 Thread 0x000001d872fd60e0 nmethod 623 0x000001d860d81910 code [0x000001d860d81a80, 0x000001d860d81af8]

GC Heap History (0 events):
No events

Deoptimization events (2 events):
Event: 0.586 Thread 0x000001d855bd17d0 DEOPT PACKING pc=0x000001d859857d65 sp=0x0000003d714f89e0
Event: 0.586 Thread 0x000001d855bd17d0 DEOPT UNPACKING pc=0x000001d8592d6763 sp=0x0000003d714f7e30 mode 0

Classes unloaded (0 events):
No events

Classes redefined (0 events):
No events

Internal exceptions (2 events):
Event: 0.212 Thread 0x000001d855bd17d0 Exception <a 'java/lang/NoSuchMethodError'{0x000000074f77a198}: 'java.lang.Object java.lang.invoke.DirectMethodHandle$Holder.invokeStaticInit(java.lang.Object, int, int, int, int)'> (0x000000074f77a198) 
thrown [e:\jenkins\tmp\workspace\build\src\src\hotspot\share\interpreter\linkResolver.cpp, line 766]
Event: 0.262 Thread 0x000001d855bd17d0 Exception <a 'java/lang/NoSuchMethodError'{0x000000074f431770}: 'java.lang.Object java.lang.invoke.DirectMethodHandle$Holder.invokeStaticInit(java.lang.Object, java.lang.Object, int, int, int, int)'> (0x000000074f431770) 
thrown [e:\jenkins\tmp\workspace\build\src\src\hotspot\share\interpreter\linkResolver.cpp, line 766]

VM Operations (10 events):
Event: 0.148 Executing VM operation: HandshakeAllThreads
Event: 0.148 Executing VM operation: HandshakeAllThreads done
Event: 0.166 Executing VM operation: HandshakeAllThreads
Event: 0.166 Executing VM operation: HandshakeAllThreads done
Event: 0.226 Executing VM operation: HandshakeAllThreads
Event: 0.226 Executing VM operation: HandshakeAllThreads done
Event: 0.547 Executing VM operation: HandshakeAllThreads
Event: 0.547 Executing VM operation: HandshakeAllThreads done
Event: 0.596 Executing VM operation: HandshakeAllThreads
Event: 0.596 Executing VM operation: HandshakeAllThreads done

Events (20 events):
Event: 0.575 loading class java/util/Vector$1 done
Event: 0.581 loading class java/lang/InterruptedException
Event: 0.581 loading class java/lang/InterruptedException done
Event: 0.588 loading class java/util/concurrent/atomic/AtomicBoolean
Event: 0.588 loading class java/util/concurrent/atomic/AtomicBoolean done
Event: 0.588 loading class java/lang/invoke/VarHandleInts$FieldInstanceReadWrite
Event: 0.588 loading class java/lang/invoke/VarHandleInts$FieldInstanceReadOnly
Event: 0.588 loading class java/lang/invoke/VarHandleInts$FieldInstanceReadOnly done
Event: 0.588 loading class java/lang/invoke/VarHandleInts$FieldInstanceReadWrite done
Event: 0.590 loading class java/util/regex/Pattern$BnM
Event: 0.590 loading class java/util/regex/Pattern$BnM done
Event: 0.596 loading class java/io/InputStreamReader
Event: 0.596 loading class java/io/InputStreamReader done
Event: 0.620 Thread 0x000001d8730d0400 Thread added: 0x000001d8730d0400
Event: 0.622 Thread 0x000001d872fd60e0 Thread added: 0x000001d872fd60e0
Event: 0.653 Thread 0x000001d8730356a0 Thread added: 0x000001d8730356a0
Event: 0.653 Thread 0x000001d8748f6d60 Thread added: 0x000001d8748f6d60
Event: 0.653 Thread 0x000001d8748f7640 Thread added: 0x000001d8748f7640
Event: 0.654 loading class java/util/ComparableTimSort
Event: 0.654 loading class java/util/ComparableTimSort done


Dynamic libraries:
0x00007ff7d00c0000 - 0x00007ff7d00ce000 	C:\Users\twels\.p2\pool\plugins\org.eclipse.justj.openjdk.hotspot.jre.full.win32.x86_64_17.0.1.v20211116-1657\jre\bin\javaw.exe
0x00007ffc99360000 - 0x00007ffc99567000 	C:\WINDOWS\SYSTEM32\ntdll.dll
0x00007ffc97f00000 - 0x00007ffc97fbd000 	C:\WINDOWS\System32\KERNEL32.DLL
0x00007ffc96c70000 - 0x00007ffc96fe4000 	C:\WINDOWS\System32\KERNELBASE.dll
0x00007ffc97020000 - 0x00007ffc97131000 	C:\WINDOWS\System32\ucrtbase.dll
0x00007ffc82030000 - 0x00007ffc82048000 	C:\Users\twels\.p2\pool\plugins\org.eclipse.justj.openjdk.hotspot.jre.full.win32.x86_64_17.0.1.v20211116-1657\jre\bin\jli.dll
0x00007ffc6d490000 - 0x00007ffc6d4a9000 	C:\Users\twels\.p2\pool\plugins\org.eclipse.justj.openjdk.hotspot.jre.full.win32.x86_64_17.0.1.v20211116-1657\jre\bin\VCRUNTIME140.dll
0x00007ffc97be0000 - 0x00007ffc97d8c000 	C:\WINDOWS\System32\USER32.dll
0x00007ffc7bad0000 - 0x00007ffc7bd75000 	C:\WINDOWS\WinSxS\amd64_microsoft.windows.common-controls_6595b64144ccf1df_6.0.22000.120_none_9d947278b86cc467\COMCTL32.dll
0x00007ffc96ff0000 - 0x00007ffc97016000 	C:\WINDOWS\System32\win32u.dll
0x00007ffc97fc0000 - 0x00007ffc97fe9000 	C:\WINDOWS\System32\GDI32.dll
0x00007ffc989d0000 - 0x00007ffc98a73000 	C:\WINDOWS\System32\msvcrt.dll
0x00007ffc96850000 - 0x00007ffc96962000 	C:\WINDOWS\System32\gdi32full.dll
0x00007ffc96bd0000 - 0x00007ffc96c6d000 	C:\WINDOWS\System32\msvcp_win.dll
0x00007ffc988d0000 - 0x00007ffc98901000 	C:\WINDOWS\System32\IMM32.DLL
0x00007ffc81220000 - 0x00007ffc8122c000 	C:\Users\twels\.p2\pool\plugins\org.eclipse.justj.openjdk.hotspot.jre.full.win32.x86_64_17.0.1.v20211116-1657\jre\bin\vcruntime140_1.dll
0x00007ffc4ec10000 - 0x00007ffc4eca1000 	C:\Users\twels\.p2\pool\plugins\org.eclipse.justj.openjdk.hotspot.jre.full.win32.x86_64_17.0.1.v20211116-1657\jre\bin\msvcp140.dll
0x00007ffc1d960000 - 0x00007ffc1e5a6000 	C:\Users\twels\.p2\pool\plugins\org.eclipse.justj.openjdk.hotspot.jre.full.win32.x86_64_17.0.1.v20211116-1657\jre\bin\server\jvm.dll
0x00007ffc99120000 - 0x00007ffc991ce000 	C:\WINDOWS\System32\ADVAPI32.dll
0x00007ffc98920000 - 0x00007ffc989be000 	C:\WINDOWS\System32\sechost.dll
0x00007ffc98380000 - 0x00007ffc984a0000 	C:\WINDOWS\System32\RPCRT4.dll
0x00007ffc99020000 - 0x00007ffc99028000 	C:\WINDOWS\System32\PSAPI.DLL
0x00007ffc6d980000 - 0x00007ffc6d989000 	C:\WINDOWS\SYSTEM32\WSOCK32.dll
0x00007ffc8eb00000 - 0x00007ffc8eb0a000 	C:\WINDOWS\SYSTEM32\VERSION.dll
0x00007ffc98fb0000 - 0x00007ffc9901f000 	C:\WINDOWS\System32\WS2_32.dll
0x00007ffc8e170000 - 0x00007ffc8e1a3000 	C:\WINDOWS\SYSTEM32\WINMM.dll
0x00007ffc95950000 - 0x00007ffc95968000 	C:\WINDOWS\SYSTEM32\kernel.appcore.dll
0x00007ffc86bf0000 - 0x00007ffc86bfa000 	C:\Users\twels\.p2\pool\plugins\org.eclipse.justj.openjdk.hotspot.jre.full.win32.x86_64_17.0.1.v20211116-1657\jre\bin\jimage.dll
0x00007ffc90f20000 - 0x00007ffc91141000 	C:\WINDOWS\SYSTEM32\DBGHELP.DLL
0x00007ffc87250000 - 0x00007ffc87281000 	C:\WINDOWS\SYSTEM32\dbgcore.DLL
0x00007ffc96b50000 - 0x00007ffc96bcf000 	C:\WINDOWS\System32\bcryptPrimitives.dll
0x00007ffc7b310000 - 0x00007ffc7b335000 	C:\Users\twels\.p2\pool\plugins\org.eclipse.justj.openjdk.hotspot.jre.full.win32.x86_64_17.0.1.v20211116-1657\jre\bin\java.dll
0x00007ffc83210000 - 0x00007ffc83228000 	C:\Users\twels\.p2\pool\plugins\org.eclipse.justj.openjdk.hotspot.jre.full.win32.x86_64_17.0.1.v20211116-1657\jre\bin\zip.dll
0x00007ffc97320000 - 0x00007ffc97ace000 	C:\WINDOWS\System32\SHELL32.dll
0x00007ffc94980000 - 0x00007ffc951e7000 	C:\WINDOWS\SYSTEM32\windows.storage.dll
0x00007ffc98000000 - 0x00007ffc98378000 	C:\WINDOWS\System32\combase.dll
0x00007ffc94810000 - 0x00007ffc94976000 	C:\WINDOWS\SYSTEM32\wintypes.dll
0x00007ffc97ad0000 - 0x00007ffc97bba000 	C:\WINDOWS\System32\SHCORE.dll
0x00007ffc98a80000 - 0x00007ffc98add000 	C:\WINDOWS\System32\shlwapi.dll
0x00007ffc96780000 - 0x00007ffc967a1000 	C:\WINDOWS\SYSTEM32\profapi.dll
0x00007ffc80710000 - 0x00007ffc80729000 	C:\Users\twels\.p2\pool\plugins\org.eclipse.justj.openjdk.hotspot.jre.full.win32.x86_64_17.0.1.v20211116-1657\jre\bin\net.dll
0x00007ffc8e770000 - 0x00007ffc8e87c000 	C:\WINDOWS\SYSTEM32\WINHTTP.dll
0x00007ffc95d80000 - 0x00007ffc95de7000 	C:\WINDOWS\system32\mswsock.dll
0x00007ffc7b2b0000 - 0x00007ffc7b2c5000 	C:\Users\twels\.p2\pool\plugins\org.eclipse.justj.openjdk.hotspot.jre.full.win32.x86_64_17.0.1.v20211116-1657\jre\bin\nio.dll
0x00007ffc95fc0000 - 0x00007ffc95fd8000 	C:\WINDOWS\SYSTEM32\CRYPTSP.dll
0x00007ffc958b0000 - 0x00007ffc958e5000 	C:\WINDOWS\system32\rsaenh.dll
0x00007ffc95e70000 - 0x00007ffc95e99000 	C:\WINDOWS\SYSTEM32\USERENV.dll
0x00007ffc96140000 - 0x00007ffc96167000 	C:\WINDOWS\SYSTEM32\bcrypt.dll
0x00007ffc95fe0000 - 0x00007ffc95fec000 	C:\WINDOWS\SYSTEM32\CRYPTBASE.dll
0x00007ffc954d0000 - 0x00007ffc954fd000 	C:\WINDOWS\SYSTEM32\IPHLPAPI.DLL
0x00007ffc98910000 - 0x00007ffc98919000 	C:\WINDOWS\System32\NSI.dll
0x00007ffc8e750000 - 0x00007ffc8e769000 	C:\WINDOWS\SYSTEM32\dhcpcsvc6.DLL
0x00007ffc8ec90000 - 0x00007ffc8ecae000 	C:\WINDOWS\SYSTEM32\dhcpcsvc.DLL
0x00007ffc95500000 - 0x00007ffc955e7000 	C:\WINDOWS\SYSTEM32\DNSAPI.dll
0x00007ffc428e0000 - 0x00007ffc43875000 	C:\Users\twels\AppData\Local\Temp\z3-turnkey10507251128408133380\libz3.dll
0x00007ffc6d470000 - 0x00007ffc6d48d000 	C:\Users\twels\AppData\Local\Temp\z3-turnkey10507251128408133380\libz3java.dll

dbghelp: loaded successfully - version: 4.0.5 - missing functions: none
symbol engine: initialized successfully - sym options: 0x614 - pdb path: .;C:\Users\twels\.p2\pool\plugins\org.eclipse.justj.openjdk.hotspot.jre.full.win32.x86_64_17.0.1.v20211116-1657\jre\bin;C:\WINDOWS\SYSTEM32;C:\WINDOWS\WinSxS\amd64_microsoft.windows.common-controls_6595b64144ccf1df_6.0.22000.120_none_9d947278b86cc467;C:\Users\twels\.p2\pool\plugins\org.eclipse.justj.openjdk.hotspot.jre.full.win32.x86_64_17.0.1.v20211116-1657\jre\bin\server;C:\Users\twels\AppData\Local\Temp\z3-turnkey10507251128408133380

VM Arguments:
jvm_args: -Dfile.encoding=Cp1252 -XX:+ShowCodeDetailsInExceptionMessages 
java_command: evoSynthesis.RelaxationJobSharingSTUN
java_class_path (initial): C:\Users\twels\eclipse-workspace\EvoSynthesis\bin\main;C:\Users\twels\.gradle\caches\modules-2\files-2.1\io.github.tudo-aqua\z3-turnkey\4.8.10\f1aee2662e2f85fb65fbbc09a9e3752451884273\z3-turnkey-4.8.10.jar;C:\Users\twels\.gradle\caches\modules-2\files-2.1\com.github.haifengl\smile-core\2.6.0\680382ebb659a2e640c36d239c9269e85840bfb3\smile-core-2.6.0.jar;C:\Users\twels\.gradle\caches\modules-2\files-2.1\com.github.haifengl\smile-data\2.6.0\1c25215e886acab08d5e0bd53b601f1b691d00a4\smile-data-2.6.0.jar;C:\Users\twels\.gradle\caches\modules-2\files-2.1\com.github.haifengl\smile-graph\2.6.0\a2f5fb31ee193f8e1f40237a56558ba133efd956\smile-graph-2.6.0.jar;C:\Users\twels\.gradle\caches\modules-2\files-2.1\com.github.haifengl\smile-math\2.6.0\1b8f49fbce670ad7eae638c8e759194365ff53e6\smile-math-2.6.0.jar;C:\Users\twels\.gradle\caches\modules-2\files-2.1\org.slf4j\slf4j-api\1.7.30\b5a4b6d16ab13e34a88fae84c35cd5d68cac922c\slf4j-api-1.7.30.jar;C:\Users\twels\Documents\ecj\ecj\target\dependency\jzlib-1.1.3.jar;C:\Users\twels\Documents\ecj\ecj\target\dependency\all-0.27.jar;C:\Users\twels\Documents\ecj\ecj\target\dependency\denseC64-0.27.jar;C:\Users\twels\Documents\ecj\ecj\target\dependency\equation-0.27.jar;C:\Users\twels\Documents\ecj\ecj\target\dependency\dense64-0.27.jar;C:\Users\twels\Documents\ecj\ecj\target\dependency\simple-0.27.jar;C:\Users\twels\Documents\ecj\ecj\target\dependency\core-0.27.jar;C:\Users\twels\Documents\ecj\ecj\target\dependency\jfreechart-1.0.13.jar;C:\Users\twels\Documents\ecj\ecj\target\dependency\jcommon-1.0.16.jar;C:\Users\twels\Documents\ecj\ecj\target\dependency\itext-1.2.3.jar;C:\Users\twels\Documents\ecj\ecj\target\dependency\pshecj-1.jar;C:\Users\twels\Documents\ecj\ecj\target\ecj-27.jar
Launcher Type: SUN_STANDARD

[Global flags]
     intx CICompilerCount                          = 4                                         {product} {ergonomic}
     uint ConcGCThreads                            = 2                                         {product} {ergonomic}
     uint G1ConcRefinementThreads                  = 8                                         {product} {ergonomic}
   size_t G1HeapRegionSize                         = 2097152                                   {product} {ergonomic}
    uintx GCDrainStackTargetSize                   = 64                                        {product} {ergonomic}
   size_t InitialHeapSize                          = 197132288                                 {product} {ergonomic}
   size_t MarkStackSize                            = 4194304                                   {product} {ergonomic}
   size_t MaxHeapSize                              = 3154116608                                {product} {ergonomic}
   size_t MaxNewSize                               = 1891631104                                {product} {ergonomic}
   size_t MinHeapDeltaBytes                        = 2097152                                   {product} {ergonomic}
   size_t MinHeapSize                              = 8388608                                   {product} {ergonomic}
    uintx NonNMethodCodeHeapSize                   = 5839372                                {pd product} {ergonomic}
    uintx NonProfiledCodeHeapSize                  = 122909434                              {pd product} {ergonomic}
    uintx ProfiledCodeHeapSize                     = 122909434                              {pd product} {ergonomic}
    uintx ReservedCodeCacheSize                    = 251658240                              {pd product} {ergonomic}
     bool SegmentedCodeCache                       = true                                      {product} {ergonomic}
     bool ShowCodeDetailsInExceptionMessages       = true                                   {manageable} {command line}
   size_t SoftMaxHeapSize                          = 3154116608                             {manageable} {ergonomic}
     bool UseCompressedClassPointers               = true                           {product lp64_product} {ergonomic}
     bool UseCompressedOops                        = true                           {product lp64_product} {ergonomic}
     bool UseG1GC                                  = true                                      {product} {ergonomic}
     bool UseLargePagesIndividualAllocation        = false                                  {pd product} {ergonomic}

Logging:
Log output configuration:
 #0: stdout all=warning uptime,level,tags
 #1: stderr all=off uptime,level,tags

Environment Variables:
PATH=C:/Users/twels/.p2/pool/plugins/org.eclipse.justj.openjdk.hotspot.jre.full.win32.x86_64_17.0.1.v20211116-1657/jre/bin/server;C:/Users/twels/.p2/pool/plugins/org.eclipse.justj.openjdk.hotspot.jre.full.win32.x86_64_17.0.1.v20211116-1657/jre/bin;C:\Program Files\Common Files\Oracle\Java\javapath;C:\WINDOWS\system32;C:\WINDOWS;C:\WINDOWS\System32\Wbem;C:\WINDOWS\System32\WindowsPowerShell\v1.0\;C:\WINDOWS\System32\OpenSSH\;C:\Program Files\Git\cmd;C:\Program Files\apache-maven-3.8.4\bin;C:\Users\twels\AppData\Local\Microsoft\WindowsApps;;C:\Users\twels\Desktop;
USERNAME=twels
OS=Windows_NT
PROCESSOR_IDENTIFIER=Intel64 Family 6 Model 126 Stepping 5, GenuineIntel



---------------  S Y S T E M  ---------------

OS:
 Windows 10 , 64 bit Build 22000 (10.0.22000.434)
OS uptime: 4 days 14:05 hours

CPU: total 8 (initial active 8) (4 cores per cpu, 2 threads per core) family 6 model 126 stepping 5 microcode 0xa0, cx8, cmov, fxsr, ht, mmx, 3dnowpref, sse, sse2, sse3, ssse3, sse4.1, sse4.2, popcnt, lzcnt, tsc, tscinvbit, avx, avx2, aes, erms, clmul, bmi1, bmi2, adx, avx512f, avx512dq, avx512cd, avx512bw, avx512vl, sha, fma, vzeroupper, avx512_vpopcntdq, avx512_vpclmulqdq, avx512_vaes, avx512_vnni, clflush, clflushopt, avx512_vbmi2, avx512_vbmi

Memory: 4k page, system-wide physical 12028M (4697M free)
TotalPageFile size 19917M (AvailPageFile size 9040M)
current process WorkingSet (physical memory assigned to process): 68M, peak: 71M
current process commit charge ("private bytes"): 284M, peak: 287M

vm_info: OpenJDK 64-Bit Server VM (17.0.1+12) for windows-amd64 JRE (17.0.1+12), built on Oct 20 2021 07:42:55 by "" with MS VC++ 16.7 (VS2019)

END.
